Start testing: Feb 12 11:11 CET
----------------------------------------------------------
1/2 Testing: SignalBusTests
1/2 Test: SignalBusTests
Command: "/home/selim/ADAS-Miles/build/test_signal_bus"
Directory: /home/selim/ADAS-Miles/build
"SignalBusTests" start time: Feb 12 11:11 CET
Output:
----------------------------------------------------------
═══ Signal Bus Unit Tests ═══
  [TEST] SenderPort → ReceiverPort basic round-trip... PASS
  [TEST] One sender → multiple receivers... PASS
  [TEST] SignalBus register + connect... PASS
  [TEST] SignalBus connect to non-existent signal... [11:11:22.699] [ERROR] [SignalBus] Signal 'nonexistent/signal' not found — receiver not connected
PASS
  [TEST] EgoState struct round-trip via bus... PASS
  [TEST] Unconnected receiver returns default... PASS

6/6 tests passed.
<end of output>
Test time =   0.00 sec
----------------------------------------------------------
Test Passed.
"SignalBusTests" end time: Feb 12 11:11 CET
"SignalBusTests" time elapsed: 00:00:00
----------------------------------------------------------

2/2 Testing: E2ETests
2/2 Test: E2ETests
Command: "/home/selim/ADAS-Miles/build/test_e2e"
Directory: /home/selim/ADAS-Miles/build
"E2ETests" start time: Feb 12 11:11 CET
Output:
----------------------------------------------------------
═══ E2E Protection Unit Tests ═══
  [TEST] CRC-8 is deterministic... PASS
  [TEST] CRC-8 changes with different data... PASS
  [TEST] E2E accepts first message... PASS
  [TEST] E2E accepts sequential messages... PASS
  [TEST] E2E rejects wrong CRC... PASS
  [TEST] E2E rejects counter jump... PASS
  [TEST] E2E reset works... PASS

7/7 tests passed.
<end of output>
Test time =   0.00 sec
----------------------------------------------------------
Test Passed.
"E2ETests" end time: Feb 12 11:11 CET
"E2ETests" time elapsed: 00:00:00
----------------------------------------------------------

End testing: Feb 12 11:11 CET
